2021-06-15T09:04:59.658Z|info : amplify configure core  
2021-06-15T09:09:38.498Z|info : amplify-provider-awscloudformation.system-config-manager.setProfile.writecredetialsFilePath(["/root/.aws/credentials"])
2021-06-15T09:11:34.151Z|info : amplify init core  
2021-06-15T09:13:34.615Z|info : amplify-provider-awscloudformation.system-config-manager.getProfileConfig(["default"])
2021-06-15T09:13:34.615Z|info : amplify-provider-awscloudformation.system-config-manager.getProfiledAwsConfig.profileConfig([{"region":"ap-southeast-2"}])
2021-06-15T09:13:34.616Z|info : amplify-provider-awscloudformation.system-config-manager.getProfileCredentials(["default"])
2021-06-15T09:13:34.627Z|info : amplify-provider-awscloudformation.amplify-service-permission-check.checkAmplifyServiceIAMPermission.amplifyClient.listApps([])
2021-06-15T09:13:34.762Z|info : amplify-provider-awscloudformation.amplify-service-manager.init.amplifyClient.createApp([{"name":"[***]t2021","environmentVariables":{"_LIVE_PACKAGE_UPDATES":"[{\"pkg\":\"@aws-amplify/cli\",\"type\":\"npm\",\"version\":\"latest\"}]"}}])
2021-06-15T09:13:38.385Z|info : amplify-provider-awscloudformation.amplify-service-manager.init.amplifyClient.getBackendEnvironment([{"appId":"[***]guopur","environmentName":"[***]ev"}])
2021-06-15T09:13:38.444Z|error : amplify-provider-awscloudformation.amplify-service-manager.init.amplifyClient.getBackendEnvironment([{"appId":"[***]guopur","environmentName":"[***]ev"}])
NotFoundException: BackendEnvironment dev does not exist.
2021-06-15T09:13:38.445Z|info : amplify-provider-awscloudformation.amplify-service-manager.init.amplifyClient.getBackendEnvironment([{"appId":"[***]guopur","environmentName":"[***]ev","stackName":"[***]ify-[***]t2021-[***]ev-[***]34","deploymentArtifacts":"amplify-project2021-dev-91334-deployment"}])
2021-06-15T09:13:38.533Z|info : amplify-provider-awscloudformation.aws-cfn.cfnModel.createStack([{"StackName":"[***]ify-[***]t2021-[***]ev-[***]34","Capabilities":["CAPABILITY_NAMED_IAM","CAPABILITY_AUTO_EXPAND"],"TemplateBody":"{\"AWSTemplateFormatVersion\":\"2010-09-09\",\"Description\":\"Root Stack for AWS Amplify CLI\",\"Parameters\":{\"[***]cketName\":{\"Description\":\"Name of the common deployment bucket provided by the parent stack\",\"Type\":\"String\",\"Default\":\"DeploymentBucket\"},\"[***]eName\":{\"Type\":\"String\",\"Default\":\"AuthRoleName\"},\"[***]leName\":{\"Type\":\"String\",\"Default\":\"UnauthRoleName\"}},\"Resources\":{\"DeploymentBucket\":{\"Type\":\"AWS::S3::Bucket\",\"DeletionPolicy\":\"Retain\",\"Properties\":{\"BucketName\":{\"Ref\":\"DeploymentBucketName\"},\"BucketEncryption\":{\"ServerSideEncryptionConfiguration\":[{\"ServerSideEncryptionByDefault\":{\"SSEAlgorithm\":\"AES256\"}}]}}},\"AuthRole\":{\"Type\":\"AWS::IAM::Role\",\"Properties\":{\"RoleName\":{\"Ref\":\"AuthRoleName\"},\"AssumeRolePolicyDocument\":{\"Version\":\"2012-10-17\",\"Statement\":[{\"Sid\":\"\",\"Effect\":\"Deny\",\"Principal\":{\"Federated\":\"cognito-identity.amazonaws.com\"},\"Action\":\"sts:AssumeRoleWithWebIdentity\"}]}}},\"UnauthRole\":{\"Type\":\"AWS::IAM::Role\",\"Properties\":{\"RoleName\":{\"Ref\":\"UnauthRoleName\"},\"AssumeRolePolicyDocument\":{\"Version\":\"2012-10-17\",\"Statement\":[{\"Sid\":\"\",\"Effect\":\"Deny\",\"Principal\":{\"Federated\":\"cognito-identity.amazonaws.com\"},\"Action\":\"sts:AssumeRoleWithWebIdentity\"}]}}}},\"Outputs\":{\"Region\":{\"Description\":\"CloudFormation provider root stack Region\",\"Value\":{\"Ref\":\"AWS::Region\"},\"Export\":{\"Name\":{\"Fn::Sub\":\"${AWS::StackName}-Region\"}}},\"StackName\":{\"Description\":\"CloudFormation provider root stack ID\",\"Value\":{\"Ref\":\"AWS::StackName\"},\"Export\":{\"Name\":{\"Fn::Sub\":\"${AWS::StackName}-StackName\"}}},\"StackId\":{\"Description\":\"CloudFormation provider root stack name\",\"Value\":{\"Ref\":\"AWS::StackId\"},\"Export\":{\"Name\":{\"Fn::Sub\":\"${AWS::StackName}-StackId\"}}},\"DeploymentBucketName\":{\"Description\":\"CloudFormation provider root stack deployment bucket name\",\"Value\":{\"Ref\":\"DeploymentBucketName\"},\"Export\":{\"Name\":{\"Fn::Sub\":\"${AWS::StackName}-DeploymentBucketName\"}}},\"AuthRoleArn\":{\"Value\":{\"Fn::GetAtt\":[\"AuthRole\",\"Arn\"]}},\"UnauthRoleArn\":{\"Value\":{\"Fn::GetAtt\":[\"UnauthRole\",\"Arn\"]}},\"AuthRoleName\":{\"Value\":{\"Ref\":\"AuthRole\"}},\"UnauthRoleName\":{\"Value\":{\"Ref\":\"UnauthRole\"}}}}","Parameters":[{"ParameterKey":"DeploymentBucketName","ParameterValue":"amplify-project2021-dev-91334-deployment"},{"ParameterKey":"AuthRoleName","ParameterValue":"amplify-project2021-dev-91334-authRole"},{"ParameterKey":"UnauthRoleName","ParameterValue":"amplify-project2021-dev-91334-unauthRole"}],"Tags":[{"Key":"[***]tack","Value":"dev"},{"Key":"[***]ication","Value":"project2021"}]}])
2021-06-15T09:13:38.783Z|info : amplify-provider-awscloudformation.aws-cfn.cfnModel.createStack([{"StackName":"[***]ify-[***]t2021-[***]ev-[***]34","Capabilities":["CAPABILITY_NAMED_IAM","CAPABILITY_AUTO_EXPAND"],"TemplateBody":"{\"AWSTemplateFormatVersion\":\"2010-09-09\",\"Description\":\"Root Stack for AWS Amplify CLI\",\"Parameters\":{\"[***]cketName\":{\"Description\":\"Name of the common deployment bucket provided by the parent stack\",\"Type\":\"String\",\"Default\":\"DeploymentBucket\"},\"[***]eName\":{\"Type\":\"String\",\"Default\":\"AuthRoleName\"},\"[***]leName\":{\"Type\":\"String\",\"Default\":\"UnauthRoleName\"}},\"Resources\":{\"DeploymentBucket\":{\"Type\":\"AWS::S3::Bucket\",\"DeletionPolicy\":\"Retain\",\"Properties\":{\"BucketName\":{\"Ref\":\"DeploymentBucketName\"},\"BucketEncryption\":{\"ServerSideEncryptionConfiguration\":[{\"ServerSideEncryptionByDefault\":{\"SSEAlgorithm\":\"AES256\"}}]}}},\"AuthRole\":{\"Type\":\"AWS::IAM::Role\",\"Properties\":{\"RoleName\":{\"Ref\":\"AuthRoleName\"},\"AssumeRolePolicyDocument\":{\"Version\":\"2012-10-17\",\"Statement\":[{\"Sid\":\"\",\"Effect\":\"Deny\",\"Principal\":{\"Federated\":\"cognito-identity.amazonaws.com\"},\"Action\":\"sts:AssumeRoleWithWebIdentity\"}]}}},\"UnauthRole\":{\"Type\":\"AWS::IAM::Role\",\"Properties\":{\"RoleName\":{\"Ref\":\"UnauthRoleName\"},\"AssumeRolePolicyDocument\":{\"Version\":\"2012-10-17\",\"Statement\":[{\"Sid\":\"\",\"Effect\":\"Deny\",\"Principal\":{\"Federated\":\"cognito-identity.amazonaws.com\"},\"Action\":\"sts:AssumeRoleWithWebIdentity\"}]}}}},\"Outputs\":{\"Region\":{\"Description\":\"CloudFormation provider root stack Region\",\"Value\":{\"Ref\":\"AWS::Region\"},\"Export\":{\"Name\":{\"Fn::Sub\":\"${AWS::StackName}-Region\"}}},\"StackName\":{\"Description\":\"CloudFormation provider root stack ID\",\"Value\":{\"Ref\":\"AWS::StackName\"},\"Export\":{\"Name\":{\"Fn::Sub\":\"${AWS::StackName}-StackName\"}}},\"StackId\":{\"Description\":\"CloudFormation provider root stack name\",\"Value\":{\"Ref\":\"AWS::StackId\"},\"Export\":{\"Name\":{\"Fn::Sub\":\"${AWS::StackName}-StackId\"}}},\"DeploymentBucketName\":{\"Description\":\"CloudFormation provider root stack deployment bucket name\",\"Value\":{\"Ref\":\"DeploymentBucketName\"},\"Export\":{\"Name\":{\"Fn::Sub\":\"${AWS::StackName}-DeploymentBucketName\"}}},\"AuthRoleArn\":{\"Value\":{\"Fn::GetAtt\":[\"AuthRole\",\"Arn\"]}},\"UnauthRoleArn\":{\"Value\":{\"Fn::GetAtt\":[\"UnauthRole\",\"Arn\"]}},\"AuthRoleName\":{\"Value\":{\"Ref\":\"AuthRole\"}},\"UnauthRoleName\":{\"Value\":{\"Ref\":\"UnauthRole\"}}}}","Parameters":[{"ParameterKey":"DeploymentBucketName","ParameterValue":"amplify-project2021-dev-91334-deployment"},{"ParameterKey":"AuthRoleName","ParameterValue":"amplify-project2021-dev-91334-authRole"},{"ParameterKey":"UnauthRoleName","ParameterValue":"amplify-project2021-dev-91334-unauthRole"}],"Tags":[{"Key":"[***]tack","Value":"dev"},{"Key":"[***]ication","Value":"project2021"}]}])
2021-06-15T09:13:43.791Z|info : amplify-provider-awscloudformation.aws-cfn.getStackEvents.cfnModel.describeStackEvents([{"StackName":"[***]ify-[***]t2021-[***]ev-[***]34"}])
2021-06-15T09:13:43.890Z|info : amplify-provider-awscloudformation.aws-cfn.getStackEvents.cfnModel.describeStackEvents([{"StackName":"[***]rmation:ap-[***]east-[***]35:stack/[***]ify-[***]t2021-[***]ev-[***]34/[***]f370-[***]b9-[***]eb-[***]0b-[***]a3dce"}])
2021-06-15T09:13:48.788Z|info : amplify-provider-awscloudformation.aws-cfn.getStackEvents.cfnModel.describeStackEvents([{"StackName":"[***]ify-[***]t2021-[***]ev-[***]34"}])
2021-06-15T09:13:48.886Z|info : amplify-provider-awscloudformation.aws-cfn.getStackEvents.cfnModel.describeStackEvents([{"StackName":"[***]rmation:ap-[***]east-[***]35:stack/[***]ify-[***]t2021-[***]ev-[***]34/[***]f370-[***]b9-[***]eb-[***]0b-[***]a3dce"}])
2021-06-15T09:13:53.788Z|info : amplify-provider-awscloudformation.aws-cfn.getStackEvents.cfnModel.describeStackEvents([{"StackName":"[***]ify-[***]t2021-[***]ev-[***]34"}])
2021-06-15T09:13:53.887Z|info : amplify-provider-awscloudformation.aws-cfn.getStackEvents.cfnModel.describeStackEvents([{"StackName":"[***]rmation:ap-[***]east-[***]35:stack/[***]ify-[***]t2021-[***]ev-[***]34/[***]f370-[***]b9-[***]eb-[***]0b-[***]a3dce"}])
2021-06-15T09:13:58.798Z|info : amplify-provider-awscloudformation.aws-cfn.getStackEvents.cfnModel.describeStackEvents([{"StackName":"[***]ify-[***]t2021-[***]ev-[***]34"}])
2021-06-15T09:13:58.895Z|info : amplify-provider-awscloudformation.aws-cfn.getStackEvents.cfnModel.describeStackEvents([{"StackName":"[***]rmation:ap-[***]east-[***]35:stack/[***]ify-[***]t2021-[***]ev-[***]34/[***]f370-[***]b9-[***]eb-[***]0b-[***]a3dce"}])
2021-06-15T09:14:03.790Z|info : amplify-provider-awscloudformation.aws-cfn.getStackEvents.cfnModel.describeStackEvents([{"StackName":"[***]ify-[***]t2021-[***]ev-[***]34"}])
2021-06-15T09:14:03.890Z|info : amplify-provider-awscloudformation.aws-cfn.getStackEvents.cfnModel.describeStackEvents([{"StackName":"[***]rmation:ap-[***]east-[***]35:stack/[***]ify-[***]t2021-[***]ev-[***]34/[***]f370-[***]b9-[***]eb-[***]0b-[***]a3dce"}])
2021-06-15T09:14:08.790Z|info : amplify-provider-awscloudformation.aws-cfn.getStackEvents.cfnModel.describeStackEvents([{"StackName":"[***]ify-[***]t2021-[***]ev-[***]34"}])
2021-06-15T09:14:08.888Z|info : amplify-provider-awscloudformation.aws-cfn.getStackEvents.cfnModel.describeStackEvents([{"StackName":"[***]rmation:ap-[***]east-[***]35:stack/[***]ify-[***]t2021-[***]ev-[***]34/[***]f370-[***]b9-[***]eb-[***]0b-[***]a3dce"}])
2021-06-15T09:14:13.790Z|info : amplify-provider-awscloudformation.aws-cfn.getStackEvents.cfnModel.describeStackEvents([{"StackName":"[***]ify-[***]t2021-[***]ev-[***]34"}])
2021-06-15T09:14:18.789Z|info : amplify-provider-awscloudformation.aws-cfn.getStackEvents.cfnModel.describeStackEvents([{"StackName":"[***]ify-[***]t2021-[***]ev-[***]34"}])
2021-06-15T09:14:23.790Z|info : amplify-provider-awscloudformation.aws-cfn.getStackEvents.cfnModel.describeStackEvents([{"StackName":"[***]ify-[***]t2021-[***]ev-[***]34"}])
2021-06-15T09:14:28.791Z|info : amplify-provider-awscloudformation.aws-cfn.getStackEvents.cfnModel.describeStackEvents([{"StackName":"[***]ify-[***]t2021-[***]ev-[***]34"}])
2021-06-15T09:14:33.791Z|info : amplify-provider-awscloudformation.aws-cfn.getStackEvents.cfnModel.describeStackEvents([{"StackName":"[***]ify-[***]t2021-[***]ev-[***]34"}])
2021-06-15T09:14:38.791Z|info : amplify-provider-awscloudformation.aws-cfn.getStackEvents.cfnModel.describeStackEvents([{"StackName":"[***]ify-[***]t2021-[***]ev-[***]34"}])
2021-06-15T09:14:39.028Z|info : amplify-provider-awscloudformation.system-config-manager.getProfileConfig(["default"])
2021-06-15T09:14:39.029Z|info : amplify-provider-awscloudformation.system-config-manager.getProfiledAwsConfig.profileConfig([{"region":"ap-southeast-2"}])
2021-06-15T09:14:39.029Z|info : amplify-provider-awscloudformation.system-config-manager.getProfileCredentials(["default"])
2021-06-15T09:14:39.047Z|info : amplify-provider-awscloudformation.attach-backend.storeCurrentCloudBackend.s3.uploadFile([{"Key":"[***]rent-[***]ud-[***]d.zip"}])
2021-06-15T09:14:39.050Z|info : amplify-provider-awscloudformation.aws-s3.uploadFile.s3.putObject([{"Key":"[***]rent-[***]ud-[***]d.zip","Bucket":"[***]ify-[***]t2021-[***]ev-[***]34-[***]ment"}])
2021-06-15T09:14:39.147Z|info : amplify-provider-awscloudformation.attach-backend.uploadFile.s3.uploadFile([{"Key":"[***]ify-[***]json"}])
2021-06-15T09:14:39.147Z|info : amplify-provider-awscloudformation.aws-s3.uploadFile.s3.putObject([{"Key":"[***]ify-[***]json","Bucket":"[***]ify-[***]t2021-[***]ev-[***]34-[***]ment"}])
2021-06-15T09:56:44.677Z|info : amplify add auth  
2021-06-15T09:57:25.879Z|info : amplify push core  
2021-06-15T09:57:36.185Z|info : amplify-provider-awscloudformation.system-config-manager.getProfileConfig(["default"])
2021-06-15T09:57:36.186Z|info : amplify-provider-awscloudformation.system-config-manager.getProfiledAwsConfig.profileConfig([{"region":"ap-southeast-2"}])
2021-06-15T09:57:36.186Z|info : amplify-provider-awscloudformation.system-config-manager.getProfileCredentials(["default"])
2021-06-15T09:57:36.201Z|info : amplify-provider-awscloudformation.system-config-manager.getProfileConfig(["default"])
2021-06-15T09:57:36.202Z|info : amplify-provider-awscloudformation.system-config-manager.getProfiledAwsConfig.profileConfig([{"region":"ap-southeast-2"}])
2021-06-15T09:57:36.202Z|info : amplify-provider-awscloudformation.system-config-manager.getProfileCredentials(["default"])
2021-06-15T09:57:36.208Z|info : amplify-provider-awscloudformation.zip-util.downloadZip.s3.getFile([{"Key":"[***]rent-[***]ud-[***]d.zip"},null])
2021-06-15T09:57:36.210Z|info : amplify-provider-awscloudformation.aws-s3.s3.getFile([{"Key":"[***]rent-[***]ud-[***]d.zip","Bucket":"[***]ify-[***]t2021-[***]ev-[***]34-[***]ment"}])
2021-06-15T09:57:36.344Z|info : amplify-provider-awscloudformation.initialize-env.run.cfn.updateamplifyMetaFileWithStackOutputs([{"StackName":"[***]ify-[***]t2021-[***]ev-[***]34"}])
2021-06-15T09:57:36.346Z|info : amplify-provider-awscloudformation.aws-cfn.updateamplifyMetaFileWithStackOutputs.cfn.describeStackResources([{"StackName":"[***]ify-[***]t2021-[***]ev-[***]34"}])
2021-06-15T09:57:36.439Z|info : amplify-provider-awscloudformation.aws-s3.s3.getFile([{"Key":"[***]ify-[***]json","Bucket":"[***]ify-[***]t2021-[***]ev-[***]34-[***]ment"}])
2021-06-15T09:57:46.759Z|info : amplify-provider-awscloudformation.aws-s3.uploadFile.s3.putObject([{"Key":"[***]ify-[***]fn-[***]ates/[***]th/[***]8e5ee058-[***]mation-[***]e.yml","Bucket":"[***]ify-[***]t2021-[***]ev-[***]34-[***]ment"}])
2021-06-15T09:57:47.209Z|info : amplify-provider-awscloudformation.system-config-manager.getProfileConfig(["default"])
2021-06-15T09:57:47.210Z|info : amplify-provider-awscloudformation.system-config-manager.getProfiledAwsConfig.profileConfig([{"region":"ap-southeast-2"}])
2021-06-15T09:57:47.210Z|info : amplify-provider-awscloudformation.system-config-manager.getProfileCredentials(["default"])
2021-06-15T09:57:47.211Z|info : amplify-provider-awscloudformation.push-resources.updateCloudFormationNestedStack(["/root/aws-service-catalog-react-components/amplify/backend/awscloudformation","/root/aws-service-catalog-react-components/amplify/backend/awscloudformation/build/awscloudformation/nested-cloudformation-stack.yml"])
2021-06-15T09:57:47.214Z|info : amplify-provider-awscloudformation.aws-cfn.updateResourceStack.s3.uploadFile([{}])
2021-06-15T09:57:47.215Z|info : amplify-provider-awscloudformation.aws-s3.uploadFile.s3.putObject([{"Key":"[***]ted-[***]mation-[***].yml","Bucket":"[***]ify-[***]t2021-[***]ev-[***]34-[***]ment"}])
2021-06-15T09:57:47.355Z|info : amplify-provider-awscloudformation.aws-cfn.updateResourceStack.describeStack([{"StackName":"[***]ify-[***]t2021-[***]ev-[***]34"}])
2021-06-15T09:57:47.356Z|info : amplify-provider-awscloudformation.aws-cfn.describeStack.cfn.describeStacks([{"StackName":"[***]ify-[***]t2021-[***]ev-[***]34"}])
2021-06-15T09:57:47.427Z|info : amplify-provider-awscloudformation.aws-cfn.updateResourceStack.updateStack([{"StackName":"[***]ify-[***]t2021-[***]ev-[***]34"}])
2021-06-15T09:57:53.563Z|info : amplify-provider-awscloudformation.aws-cfn.getStackEvents.cfnModel.describeStackEvents([{"StackName":"[***]ify-[***]t2021-[***]ev-[***]34"}])
2021-06-15T09:57:53.683Z|info : amplify-provider-awscloudformation.aws-cfn.getStackEvents.cfnModel.describeStackEvents([{"StackName":"[***]rmation:ap-[***]east-[***]35:stack/[***]ify-[***]t2021-[***]ev-[***]34/[***]f370-[***]b9-[***]eb-[***]0b-[***]a3dce"}])
2021-06-15T09:57:58.559Z|info : amplify-provider-awscloudformation.aws-cfn.getStackEvents.cfnModel.describeStackEvents([{"StackName":"[***]ify-[***]t2021-[***]ev-[***]34"}])
2021-06-15T09:57:58.657Z|info : amplify-provider-awscloudformation.aws-cfn.getStackEvents.cfnModel.describeStackEvents([{"StackName":"[***]rmation:ap-[***]east-[***]35:stack/[***]ify-[***]t2021-[***]ev-[***]34-[***]218e5ee058-[***]PG319/[***]bad0-[***]c0-[***]eb-[***]a3-[***]3430a"}])
2021-06-15T09:57:58.758Z|info : amplify-provider-awscloudformation.aws-cfn.getStackEvents.cfnModel.describeStackEvents([{"StackName":"[***]rmation:ap-[***]east-[***]35:stack/[***]ify-[***]t2021-[***]ev-[***]34/[***]f370-[***]b9-[***]eb-[***]0b-[***]a3dce"}])
2021-06-15T09:57:58.857Z|info : amplify-provider-awscloudformation.aws-cfn.getStackEvents.cfnModel.describeStackEvents([{"StackName":"[***]rmation:ap-[***]east-[***]35:stack/[***]ify-[***]t2021-[***]ev-[***]34-[***]218e5ee058-[***]PG319/[***]bad0-[***]c0-[***]eb-[***]a3-[***]3430a"}])
2021-06-15T09:58:03.559Z|info : amplify-provider-awscloudformation.aws-cfn.getStackEvents.cfnModel.describeStackEvents([{"StackName":"[***]ify-[***]t2021-[***]ev-[***]34"}])
2021-06-15T09:58:03.658Z|info : amplify-provider-awscloudformation.aws-cfn.getStackEvents.cfnModel.describeStackEvents([{"StackName":"[***]rmation:ap-[***]east-[***]35:stack/[***]ify-[***]t2021-[***]ev-[***]34-[***]218e5ee058-[***]PG319/[***]bad0-[***]c0-[***]eb-[***]a3-[***]3430a"}])
2021-06-15T09:58:03.758Z|info : amplify-provider-awscloudformation.aws-cfn.getStackEvents.cfnModel.describeStackEvents([{"StackName":"[***]rmation:ap-[***]east-[***]35:stack/[***]ify-[***]t2021-[***]ev-[***]34/[***]f370-[***]b9-[***]eb-[***]0b-[***]a3dce"}])
2021-06-15T09:58:03.858Z|info : amplify-provider-awscloudformation.aws-cfn.getStackEvents.cfnModel.describeStackEvents([{"StackName":"[***]rmation:ap-[***]east-[***]35:stack/[***]ify-[***]t2021-[***]ev-[***]34-[***]218e5ee058-[***]PG319/[***]bad0-[***]c0-[***]eb-[***]a3-[***]3430a"}])
2021-06-15T09:58:08.558Z|info : amplify-provider-awscloudformation.aws-cfn.getStackEvents.cfnModel.describeStackEvents([{"StackName":"[***]ify-[***]t2021-[***]ev-[***]34"}])
2021-06-15T09:58:08.657Z|info : amplify-provider-awscloudformation.aws-cfn.getStackEvents.cfnModel.describeStackEvents([{"StackName":"[***]rmation:ap-[***]east-[***]35:stack/[***]ify-[***]t2021-[***]ev-[***]34-[***]218e5ee058-[***]PG319/[***]bad0-[***]c0-[***]eb-[***]a3-[***]3430a"}])
2021-06-15T09:58:08.759Z|info : amplify-provider-awscloudformation.aws-cfn.getStackEvents.cfnModel.describeStackEvents([{"StackName":"[***]rmation:ap-[***]east-[***]35:stack/[***]ify-[***]t2021-[***]ev-[***]34/[***]f370-[***]b9-[***]eb-[***]0b-[***]a3dce"}])
2021-06-15T09:58:08.857Z|info : amplify-provider-awscloudformation.aws-cfn.getStackEvents.cfnModel.describeStackEvents([{"StackName":"[***]rmation:ap-[***]east-[***]35:stack/[***]ify-[***]t2021-[***]ev-[***]34-[***]218e5ee058-[***]PG319/[***]bad0-[***]c0-[***]eb-[***]a3-[***]3430a"}])
2021-06-15T09:58:13.559Z|info : amplify-provider-awscloudformation.aws-cfn.getStackEvents.cfnModel.describeStackEvents([{"StackName":"[***]ify-[***]t2021-[***]ev-[***]34"}])
2021-06-15T09:58:13.658Z|info : amplify-provider-awscloudformation.aws-cfn.getStackEvents.cfnModel.describeStackEvents([{"StackName":"[***]rmation:ap-[***]east-[***]35:stack/[***]ify-[***]t2021-[***]ev-[***]34-[***]218e5ee058-[***]PG319/[***]bad0-[***]c0-[***]eb-[***]a3-[***]3430a"}])
2021-06-15T09:58:13.758Z|info : amplify-provider-awscloudformation.aws-cfn.getStackEvents.cfnModel.describeStackEvents([{"StackName":"[***]rmation:ap-[***]east-[***]35:stack/[***]ify-[***]t2021-[***]ev-[***]34/[***]f370-[***]b9-[***]eb-[***]0b-[***]a3dce"}])
2021-06-15T09:58:13.858Z|info : amplify-provider-awscloudformation.aws-cfn.getStackEvents.cfnModel.describeStackEvents([{"StackName":"[***]rmation:ap-[***]east-[***]35:stack/[***]ify-[***]t2021-[***]ev-[***]34-[***]218e5ee058-[***]PG319/[***]bad0-[***]c0-[***]eb-[***]a3-[***]3430a"}])
2021-06-15T09:58:18.561Z|info : amplify-provider-awscloudformation.aws-cfn.getStackEvents.cfnModel.describeStackEvents([{"StackName":"[***]ify-[***]t2021-[***]ev-[***]34"}])
2021-06-15T09:58:18.681Z|info : amplify-provider-awscloudformation.aws-cfn.getStackEvents.cfnModel.describeStackEvents([{"StackName":"[***]rmation:ap-[***]east-[***]35:stack/[***]ify-[***]t2021-[***]ev-[***]34-[***]218e5ee058-[***]PG319/[***]bad0-[***]c0-[***]eb-[***]a3-[***]3430a"}])
2021-06-15T09:58:18.779Z|info : amplify-provider-awscloudformation.aws-cfn.getStackEvents.cfnModel.describeStackEvents([{"StackName":"[***]rmation:ap-[***]east-[***]35:stack/[***]ify-[***]t2021-[***]ev-[***]34/[***]f370-[***]b9-[***]eb-[***]0b-[***]a3dce"}])
2021-06-15T09:58:18.880Z|info : amplify-provider-awscloudformation.aws-cfn.getStackEvents.cfnModel.describeStackEvents([{"StackName":"[***]rmation:ap-[***]east-[***]35:stack/[***]ify-[***]t2021-[***]ev-[***]34-[***]218e5ee058-[***]PG319/[***]bad0-[***]c0-[***]eb-[***]a3-[***]3430a"}])
2021-06-15T09:58:23.561Z|info : amplify-provider-awscloudformation.aws-cfn.getStackEvents.cfnModel.describeStackEvents([{"StackName":"[***]ify-[***]t2021-[***]ev-[***]34"}])
2021-06-15T09:58:23.669Z|info : amplify-provider-awscloudformation.aws-cfn.getStackEvents.cfnModel.describeStackEvents([{"StackName":"[***]rmation:ap-[***]east-[***]35:stack/[***]ify-[***]t2021-[***]ev-[***]34-[***]218e5ee058-[***]PG319/[***]bad0-[***]c0-[***]eb-[***]a3-[***]3430a"}])
2021-06-15T09:58:23.759Z|info : amplify-provider-awscloudformation.aws-cfn.getStackEvents.cfnModel.describeStackEvents([{"StackName":"[***]rmation:ap-[***]east-[***]35:stack/[***]ify-[***]t2021-[***]ev-[***]34/[***]f370-[***]b9-[***]eb-[***]0b-[***]a3dce"}])
2021-06-15T09:58:23.860Z|info : amplify-provider-awscloudformation.aws-cfn.getStackEvents.cfnModel.describeStackEvents([{"StackName":"[***]rmation:ap-[***]east-[***]35:stack/[***]ify-[***]t2021-[***]ev-[***]34-[***]218e5ee058-[***]PG319/[***]bad0-[***]c0-[***]eb-[***]a3-[***]3430a"}])
2021-06-15T09:58:28.561Z|info : amplify-provider-awscloudformation.aws-cfn.getStackEvents.cfnModel.describeStackEvents([{"StackName":"[***]ify-[***]t2021-[***]ev-[***]34"}])
2021-06-15T09:58:28.660Z|info : amplify-provider-awscloudformation.aws-cfn.getStackEvents.cfnModel.describeStackEvents([{"StackName":"[***]rmation:ap-[***]east-[***]35:stack/[***]ify-[***]t2021-[***]ev-[***]34-[***]218e5ee058-[***]PG319/[***]bad0-[***]c0-[***]eb-[***]a3-[***]3430a"}])
2021-06-15T09:58:28.761Z|info : amplify-provider-awscloudformation.aws-cfn.getStackEvents.cfnModel.describeStackEvents([{"StackName":"[***]rmation:ap-[***]east-[***]35:stack/[***]ify-[***]t2021-[***]ev-[***]34/[***]f370-[***]b9-[***]eb-[***]0b-[***]a3dce"}])
2021-06-15T09:58:28.860Z|info : amplify-provider-awscloudformation.aws-cfn.getStackEvents.cfnModel.describeStackEvents([{"StackName":"[***]rmation:ap-[***]east-[***]35:stack/[***]ify-[***]t2021-[***]ev-[***]34-[***]218e5ee058-[***]PG319/[***]bad0-[***]c0-[***]eb-[***]a3-[***]3430a"}])
2021-06-15T09:58:33.562Z|info : amplify-provider-awscloudformation.aws-cfn.getStackEvents.cfnModel.describeStackEvents([{"StackName":"[***]ify-[***]t2021-[***]ev-[***]34"}])
2021-06-15T09:58:33.661Z|info : amplify-provider-awscloudformation.aws-cfn.getStackEvents.cfnModel.describeStackEvents([{"StackName":"[***]rmation:ap-[***]east-[***]35:stack/[***]ify-[***]t2021-[***]ev-[***]34-[***]218e5ee058-[***]PG319/[***]bad0-[***]c0-[***]eb-[***]a3-[***]3430a"}])
2021-06-15T09:58:33.762Z|info : amplify-provider-awscloudformation.aws-cfn.getStackEvents.cfnModel.describeStackEvents([{"StackName":"[***]rmation:ap-[***]east-[***]35:stack/[***]ify-[***]t2021-[***]ev-[***]34/[***]f370-[***]b9-[***]eb-[***]0b-[***]a3dce"}])
2021-06-15T09:58:33.862Z|info : amplify-provider-awscloudformation.aws-cfn.getStackEvents.cfnModel.describeStackEvents([{"StackName":"[***]rmation:ap-[***]east-[***]35:stack/[***]ify-[***]t2021-[***]ev-[***]34-[***]218e5ee058-[***]PG319/[***]bad0-[***]c0-[***]eb-[***]a3-[***]3430a"}])
2021-06-15T09:58:38.563Z|info : amplify-provider-awscloudformation.aws-cfn.getStackEvents.cfnModel.describeStackEvents([{"StackName":"[***]ify-[***]t2021-[***]ev-[***]34"}])
2021-06-15T09:58:38.661Z|info : amplify-provider-awscloudformation.aws-cfn.getStackEvents.cfnModel.describeStackEvents([{"StackName":"[***]rmation:ap-[***]east-[***]35:stack/[***]ify-[***]t2021-[***]ev-[***]34-[***]218e5ee058-[***]PG319/[***]bad0-[***]c0-[***]eb-[***]a3-[***]3430a"}])
2021-06-15T09:58:38.762Z|info : amplify-provider-awscloudformation.aws-cfn.getStackEvents.cfnModel.describeStackEvents([{"StackName":"[***]rmation:ap-[***]east-[***]35:stack/[***]ify-[***]t2021-[***]ev-[***]34/[***]f370-[***]b9-[***]eb-[***]0b-[***]a3dce"}])
2021-06-15T09:58:38.861Z|info : amplify-provider-awscloudformation.aws-cfn.getStackEvents.cfnModel.describeStackEvents([{"StackName":"[***]rmation:ap-[***]east-[***]35:stack/[***]ify-[***]t2021-[***]ev-[***]34-[***]218e5ee058-[***]PG319/[***]bad0-[***]c0-[***]eb-[***]a3-[***]3430a"}])
2021-06-15T09:58:43.562Z|info : amplify-provider-awscloudformation.aws-cfn.getStackEvents.cfnModel.describeStackEvents([{"StackName":"[***]ify-[***]t2021-[***]ev-[***]34"}])
2021-06-15T09:58:43.661Z|info : amplify-provider-awscloudformation.aws-cfn.getStackEvents.cfnModel.describeStackEvents([{"StackName":"[***]rmation:ap-[***]east-[***]35:stack/[***]ify-[***]t2021-[***]ev-[***]34-[***]218e5ee058-[***]PG319/[***]bad0-[***]c0-[***]eb-[***]a3-[***]3430a"}])
2021-06-15T09:58:43.763Z|info : amplify-provider-awscloudformation.aws-cfn.getStackEvents.cfnModel.describeStackEvents([{"StackName":"[***]rmation:ap-[***]east-[***]35:stack/[***]ify-[***]t2021-[***]ev-[***]34/[***]f370-[***]b9-[***]eb-[***]0b-[***]a3dce"}])
2021-06-15T09:58:43.861Z|info : amplify-provider-awscloudformation.aws-cfn.getStackEvents.cfnModel.describeStackEvents([{"StackName":"[***]rmation:ap-[***]east-[***]35:stack/[***]ify-[***]t2021-[***]ev-[***]34-[***]218e5ee058-[***]PG319/[***]bad0-[***]c0-[***]eb-[***]a3-[***]3430a"}])
2021-06-15T09:58:48.563Z|info : amplify-provider-awscloudformation.aws-cfn.getStackEvents.cfnModel.describeStackEvents([{"StackName":"[***]ify-[***]t2021-[***]ev-[***]34"}])
2021-06-15T09:58:48.661Z|info : amplify-provider-awscloudformation.aws-cfn.getStackEvents.cfnModel.describeStackEvents([{"StackName":"[***]rmation:ap-[***]east-[***]35:stack/[***]ify-[***]t2021-[***]ev-[***]34-[***]218e5ee058-[***]PG319/[***]bad0-[***]c0-[***]eb-[***]a3-[***]3430a"}])
2021-06-15T09:58:48.761Z|info : amplify-provider-awscloudformation.aws-cfn.getStackEvents.cfnModel.describeStackEvents([{"StackName":"[***]rmation:ap-[***]east-[***]35:stack/[***]ify-[***]t2021-[***]ev-[***]34/[***]f370-[***]b9-[***]eb-[***]0b-[***]a3dce"}])
2021-06-15T09:58:48.861Z|info : amplify-provider-awscloudformation.aws-cfn.getStackEvents.cfnModel.describeStackEvents([{"StackName":"[***]rmation:ap-[***]east-[***]35:stack/[***]ify-[***]t2021-[***]ev-[***]34-[***]218e5ee058-[***]PG319/[***]bad0-[***]c0-[***]eb-[***]a3-[***]3430a"}])
2021-06-15T09:58:53.564Z|info : amplify-provider-awscloudformation.aws-cfn.getStackEvents.cfnModel.describeStackEvents([{"StackName":"[***]ify-[***]t2021-[***]ev-[***]34"}])
2021-06-15T09:58:53.662Z|info : amplify-provider-awscloudformation.aws-cfn.getStackEvents.cfnModel.describeStackEvents([{"StackName":"[***]rmation:ap-[***]east-[***]35:stack/[***]ify-[***]t2021-[***]ev-[***]34-[***]218e5ee058-[***]PG319/[***]bad0-[***]c0-[***]eb-[***]a3-[***]3430a"}])
2021-06-15T09:58:53.763Z|info : amplify-provider-awscloudformation.aws-cfn.getStackEvents.cfnModel.describeStackEvents([{"StackName":"[***]rmation:ap-[***]east-[***]35:stack/[***]ify-[***]t2021-[***]ev-[***]34/[***]f370-[***]b9-[***]eb-[***]0b-[***]a3dce"}])
2021-06-15T09:58:53.862Z|info : amplify-provider-awscloudformation.aws-cfn.getStackEvents.cfnModel.describeStackEvents([{"StackName":"[***]rmation:ap-[***]east-[***]35:stack/[***]ify-[***]t2021-[***]ev-[***]34-[***]218e5ee058-[***]PG319/[***]bad0-[***]c0-[***]eb-[***]a3-[***]3430a"}])
2021-06-15T09:58:58.564Z|info : amplify-provider-awscloudformation.aws-cfn.getStackEvents.cfnModel.describeStackEvents([{"StackName":"[***]ify-[***]t2021-[***]ev-[***]34"}])
2021-06-15T09:58:58.662Z|info : amplify-provider-awscloudformation.aws-cfn.getStackEvents.cfnModel.describeStackEvents([{"StackName":"[***]rmation:ap-[***]east-[***]35:stack/[***]ify-[***]t2021-[***]ev-[***]34-[***]218e5ee058-[***]PG319/[***]bad0-[***]c0-[***]eb-[***]a3-[***]3430a"}])
2021-06-15T09:58:58.763Z|info : amplify-provider-awscloudformation.aws-cfn.getStackEvents.cfnModel.describeStackEvents([{"StackName":"[***]rmation:ap-[***]east-[***]35:stack/[***]ify-[***]t2021-[***]ev-[***]34/[***]f370-[***]b9-[***]eb-[***]0b-[***]a3dce"}])
2021-06-15T09:58:58.864Z|info : amplify-provider-awscloudformation.aws-cfn.getStackEvents.cfnModel.describeStackEvents([{"StackName":"[***]rmation:ap-[***]east-[***]35:stack/[***]ify-[***]t2021-[***]ev-[***]34-[***]218e5ee058-[***]PG319/[***]bad0-[***]c0-[***]eb-[***]a3-[***]3430a"}])
2021-06-15T09:59:03.564Z|info : amplify-provider-awscloudformation.aws-cfn.getStackEvents.cfnModel.describeStackEvents([{"StackName":"[***]ify-[***]t2021-[***]ev-[***]34"}])
2021-06-15T09:59:03.664Z|info : amplify-provider-awscloudformation.aws-cfn.getStackEvents.cfnModel.describeStackEvents([{"StackName":"[***]rmation:ap-[***]east-[***]35:stack/[***]ify-[***]t2021-[***]ev-[***]34-[***]218e5ee058-[***]PG319/[***]bad0-[***]c0-[***]eb-[***]a3-[***]3430a"}])
2021-06-15T09:59:03.764Z|info : amplify-provider-awscloudformation.aws-cfn.getStackEvents.cfnModel.describeStackEvents([{"StackName":"[***]rmation:ap-[***]east-[***]35:stack/[***]ify-[***]t2021-[***]ev-[***]34/[***]f370-[***]b9-[***]eb-[***]0b-[***]a3dce"}])
2021-06-15T09:59:03.863Z|info : amplify-provider-awscloudformation.aws-cfn.getStackEvents.cfnModel.describeStackEvents([{"StackName":"[***]rmation:ap-[***]east-[***]35:stack/[***]ify-[***]t2021-[***]ev-[***]34-[***]218e5ee058-[***]PG319/[***]bad0-[***]c0-[***]eb-[***]a3-[***]3430a"}])
2021-06-15T09:59:08.565Z|info : amplify-provider-awscloudformation.aws-cfn.getStackEvents.cfnModel.describeStackEvents([{"StackName":"[***]ify-[***]t2021-[***]ev-[***]34"}])
2021-06-15T09:59:08.663Z|info : amplify-provider-awscloudformation.aws-cfn.getStackEvents.cfnModel.describeStackEvents([{"StackName":"[***]rmation:ap-[***]east-[***]35:stack/[***]ify-[***]t2021-[***]ev-[***]34-[***]218e5ee058-[***]PG319/[***]bad0-[***]c0-[***]eb-[***]a3-[***]3430a"}])
2021-06-15T09:59:08.763Z|info : amplify-provider-awscloudformation.aws-cfn.getStackEvents.cfnModel.describeStackEvents([{"StackName":"[***]rmation:ap-[***]east-[***]35:stack/[***]ify-[***]t2021-[***]ev-[***]34/[***]f370-[***]b9-[***]eb-[***]0b-[***]a3dce"}])
2021-06-15T09:59:08.863Z|info : amplify-provider-awscloudformation.aws-cfn.getStackEvents.cfnModel.describeStackEvents([{"StackName":"[***]rmation:ap-[***]east-[***]35:stack/[***]ify-[***]t2021-[***]ev-[***]34-[***]218e5ee058-[***]PG319/[***]bad0-[***]c0-[***]eb-[***]a3-[***]3430a"}])
2021-06-15T09:59:13.564Z|info : amplify-provider-awscloudformation.aws-cfn.getStackEvents.cfnModel.describeStackEvents([{"StackName":"[***]ify-[***]t2021-[***]ev-[***]34"}])
2021-06-15T09:59:13.663Z|info : amplify-provider-awscloudformation.aws-cfn.getStackEvents.cfnModel.describeStackEvents([{"StackName":"[***]rmation:ap-[***]east-[***]35:stack/[***]ify-[***]t2021-[***]ev-[***]34-[***]218e5ee058-[***]PG319/[***]bad0-[***]c0-[***]eb-[***]a3-[***]3430a"}])
2021-06-15T09:59:13.762Z|info : amplify-provider-awscloudformation.aws-cfn.getStackEvents.cfnModel.describeStackEvents([{"StackName":"[***]rmation:ap-[***]east-[***]35:stack/[***]ify-[***]t2021-[***]ev-[***]34/[***]f370-[***]b9-[***]eb-[***]0b-[***]a3dce"}])
2021-06-15T09:59:13.863Z|info : amplify-provider-awscloudformation.aws-cfn.getStackEvents.cfnModel.describeStackEvents([{"StackName":"[***]rmation:ap-[***]east-[***]35:stack/[***]ify-[***]t2021-[***]ev-[***]34-[***]218e5ee058-[***]PG319/[***]bad0-[***]c0-[***]eb-[***]a3-[***]3430a"}])
2021-06-15T09:59:18.565Z|info : amplify-provider-awscloudformation.aws-cfn.getStackEvents.cfnModel.describeStackEvents([{"StackName":"[***]ify-[***]t2021-[***]ev-[***]34"}])
2021-06-15T09:59:18.664Z|info : amplify-provider-awscloudformation.aws-cfn.getStackEvents.cfnModel.describeStackEvents([{"StackName":"[***]rmation:ap-[***]east-[***]35:stack/[***]ify-[***]t2021-[***]ev-[***]34-[***]218e5ee058-[***]PG319/[***]bad0-[***]c0-[***]eb-[***]a3-[***]3430a"}])
2021-06-15T09:59:18.764Z|info : amplify-provider-awscloudformation.aws-cfn.getStackEvents.cfnModel.describeStackEvents([{"StackName":"[***]rmation:ap-[***]east-[***]35:stack/[***]ify-[***]t2021-[***]ev-[***]34/[***]f370-[***]b9-[***]eb-[***]0b-[***]a3dce"}])
2021-06-15T09:59:18.863Z|info : amplify-provider-awscloudformation.aws-cfn.getStackEvents.cfnModel.describeStackEvents([{"StackName":"[***]rmation:ap-[***]east-[***]35:stack/[***]ify-[***]t2021-[***]ev-[***]34-[***]218e5ee058-[***]PG319/[***]bad0-[***]c0-[***]eb-[***]a3-[***]3430a"}])
2021-06-15T09:59:23.565Z|info : amplify-provider-awscloudformation.aws-cfn.getStackEvents.cfnModel.describeStackEvents([{"StackName":"[***]ify-[***]t2021-[***]ev-[***]34"}])
2021-06-15T09:59:23.663Z|info : amplify-provider-awscloudformation.aws-cfn.getStackEvents.cfnModel.describeStackEvents([{"StackName":"[***]rmation:ap-[***]east-[***]35:stack/[***]ify-[***]t2021-[***]ev-[***]34-[***]218e5ee058-[***]PG319/[***]bad0-[***]c0-[***]eb-[***]a3-[***]3430a"}])
2021-06-15T09:59:23.765Z|info : amplify-provider-awscloudformation.aws-cfn.getStackEvents.cfnModel.describeStackEvents([{"StackName":"[***]rmation:ap-[***]east-[***]35:stack/[***]ify-[***]t2021-[***]ev-[***]34/[***]f370-[***]b9-[***]eb-[***]0b-[***]a3dce"}])
2021-06-15T09:59:23.863Z|info : amplify-provider-awscloudformation.aws-cfn.getStackEvents.cfnModel.describeStackEvents([{"StackName":"[***]rmation:ap-[***]east-[***]35:stack/[***]ify-[***]t2021-[***]ev-[***]34-[***]218e5ee058-[***]PG319/[***]bad0-[***]c0-[***]eb-[***]a3-[***]3430a"}])
2021-06-15T09:59:28.566Z|info : amplify-provider-awscloudformation.aws-cfn.getStackEvents.cfnModel.describeStackEvents([{"StackName":"[***]ify-[***]t2021-[***]ev-[***]34"}])
2021-06-15T09:59:28.665Z|info : amplify-provider-awscloudformation.aws-cfn.getStackEvents.cfnModel.describeStackEvents([{"StackName":"[***]rmation:ap-[***]east-[***]35:stack/[***]ify-[***]t2021-[***]ev-[***]34-[***]218e5ee058-[***]PG319/[***]bad0-[***]c0-[***]eb-[***]a3-[***]3430a"}])
2021-06-15T09:59:28.766Z|info : amplify-provider-awscloudformation.aws-cfn.getStackEvents.cfnModel.describeStackEvents([{"StackName":"[***]rmation:ap-[***]east-[***]35:stack/[***]ify-[***]t2021-[***]ev-[***]34/[***]f370-[***]b9-[***]eb-[***]0b-[***]a3dce"}])
2021-06-15T09:59:28.866Z|info : amplify-provider-awscloudformation.aws-cfn.getStackEvents.cfnModel.describeStackEvents([{"StackName":"[***]rmation:ap-[***]east-[***]35:stack/[***]ify-[***]t2021-[***]ev-[***]34-[***]218e5ee058-[***]PG319/[***]bad0-[***]c0-[***]eb-[***]a3-[***]3430a"}])
2021-06-15T09:59:33.565Z|info : amplify-provider-awscloudformation.aws-cfn.getStackEvents.cfnModel.describeStackEvents([{"StackName":"[***]ify-[***]t2021-[***]ev-[***]34"}])
2021-06-15T09:59:33.663Z|info : amplify-provider-awscloudformation.aws-cfn.getStackEvents.cfnModel.describeStackEvents([{"StackName":"[***]rmation:ap-[***]east-[***]35:stack/[***]ify-[***]t2021-[***]ev-[***]34-[***]218e5ee058-[***]PG319/[***]bad0-[***]c0-[***]eb-[***]a3-[***]3430a"}])
2021-06-15T09:59:33.763Z|info : amplify-provider-awscloudformation.aws-cfn.getStackEvents.cfnModel.describeStackEvents([{"StackName":"[***]rmation:ap-[***]east-[***]35:stack/[***]ify-[***]t2021-[***]ev-[***]34/[***]f370-[***]b9-[***]eb-[***]0b-[***]a3dce"}])
2021-06-15T09:59:33.863Z|info : amplify-provider-awscloudformation.aws-cfn.getStackEvents.cfnModel.describeStackEvents([{"StackName":"[***]rmation:ap-[***]east-[***]35:stack/[***]ify-[***]t2021-[***]ev-[***]34-[***]218e5ee058-[***]PG319/[***]bad0-[***]c0-[***]eb-[***]a3-[***]3430a"}])
2021-06-15T09:59:38.565Z|info : amplify-provider-awscloudformation.aws-cfn.getStackEvents.cfnModel.describeStackEvents([{"StackName":"[***]ify-[***]t2021-[***]ev-[***]34"}])
2021-06-15T09:59:38.663Z|info : amplify-provider-awscloudformation.aws-cfn.getStackEvents.cfnModel.describeStackEvents([{"StackName":"[***]rmation:ap-[***]east-[***]35:stack/[***]ify-[***]t2021-[***]ev-[***]34-[***]218e5ee058-[***]PG319/[***]bad0-[***]c0-[***]eb-[***]a3-[***]3430a"}])
2021-06-15T09:59:38.764Z|info : amplify-provider-awscloudformation.aws-cfn.getStackEvents.cfnModel.describeStackEvents([{"StackName":"[***]rmation:ap-[***]east-[***]35:stack/[***]ify-[***]t2021-[***]ev-[***]34/[***]f370-[***]b9-[***]eb-[***]0b-[***]a3dce"}])
2021-06-15T09:59:38.863Z|info : amplify-provider-awscloudformation.aws-cfn.getStackEvents.cfnModel.describeStackEvents([{"StackName":"[***]rmation:ap-[***]east-[***]35:stack/[***]ify-[***]t2021-[***]ev-[***]34-[***]218e5ee058-[***]PG319/[***]bad0-[***]c0-[***]eb-[***]a3-[***]3430a"}])
2021-06-15T09:59:43.565Z|info : amplify-provider-awscloudformation.aws-cfn.getStackEvents.cfnModel.describeStackEvents([{"StackName":"[***]ify-[***]t2021-[***]ev-[***]34"}])
2021-06-15T09:59:43.664Z|info : amplify-provider-awscloudformation.aws-cfn.getStackEvents.cfnModel.describeStackEvents([{"StackName":"[***]rmation:ap-[***]east-[***]35:stack/[***]ify-[***]t2021-[***]ev-[***]34-[***]218e5ee058-[***]PG319/[***]bad0-[***]c0-[***]eb-[***]a3-[***]3430a"}])
2021-06-15T09:59:43.765Z|info : amplify-provider-awscloudformation.aws-cfn.getStackEvents.cfnModel.describeStackEvents([{"StackName":"[***]rmation:ap-[***]east-[***]35:stack/[***]ify-[***]t2021-[***]ev-[***]34/[***]f370-[***]b9-[***]eb-[***]0b-[***]a3dce"}])
2021-06-15T09:59:43.864Z|info : amplify-provider-awscloudformation.aws-cfn.getStackEvents.cfnModel.describeStackEvents([{"StackName":"[***]rmation:ap-[***]east-[***]35:stack/[***]ify-[***]t2021-[***]ev-[***]34-[***]218e5ee058-[***]PG319/[***]bad0-[***]c0-[***]eb-[***]a3-[***]3430a"}])
2021-06-15T09:59:48.566Z|info : amplify-provider-awscloudformation.aws-cfn.getStackEvents.cfnModel.describeStackEvents([{"StackName":"[***]ify-[***]t2021-[***]ev-[***]34"}])
2021-06-15T09:59:48.665Z|info : amplify-provider-awscloudformation.aws-cfn.getStackEvents.cfnModel.describeStackEvents([{"StackName":"[***]rmation:ap-[***]east-[***]35:stack/[***]ify-[***]t2021-[***]ev-[***]34-[***]218e5ee058-[***]PG319/[***]bad0-[***]c0-[***]eb-[***]a3-[***]3430a"}])
2021-06-15T09:59:48.766Z|info : amplify-provider-awscloudformation.aws-cfn.getStackEvents.cfnModel.describeStackEvents([{"StackName":"[***]rmation:ap-[***]east-[***]35:stack/[***]ify-[***]t2021-[***]ev-[***]34/[***]f370-[***]b9-[***]eb-[***]0b-[***]a3dce"}])
2021-06-15T09:59:48.865Z|info : amplify-provider-awscloudformation.aws-cfn.getStackEvents.cfnModel.describeStackEvents([{"StackName":"[***]rmation:ap-[***]east-[***]35:stack/[***]ify-[***]t2021-[***]ev-[***]34-[***]218e5ee058-[***]PG319/[***]bad0-[***]c0-[***]eb-[***]a3-[***]3430a"}])
2021-06-15T09:59:53.567Z|info : amplify-provider-awscloudformation.aws-cfn.getStackEvents.cfnModel.describeStackEvents([{"StackName":"[***]ify-[***]t2021-[***]ev-[***]34"}])
2021-06-15T09:59:53.664Z|info : amplify-provider-awscloudformation.aws-cfn.getStackEvents.cfnModel.describeStackEvents([{"StackName":"[***]rmation:ap-[***]east-[***]35:stack/[***]ify-[***]t2021-[***]ev-[***]34-[***]218e5ee058-[***]PG319/[***]bad0-[***]c0-[***]eb-[***]a3-[***]3430a"}])
2021-06-15T09:59:53.765Z|info : amplify-provider-awscloudformation.aws-cfn.getStackEvents.cfnModel.describeStackEvents([{"StackName":"[***]rmation:ap-[***]east-[***]35:stack/[***]ify-[***]t2021-[***]ev-[***]34/[***]f370-[***]b9-[***]eb-[***]0b-[***]a3dce"}])
2021-06-15T09:59:53.865Z|info : amplify-provider-awscloudformation.aws-cfn.getStackEvents.cfnModel.describeStackEvents([{"StackName":"[***]rmation:ap-[***]east-[***]35:stack/[***]ify-[***]t2021-[***]ev-[***]34-[***]218e5ee058-[***]PG319/[***]bad0-[***]c0-[***]eb-[***]a3-[***]3430a"}])
2021-06-15T09:59:58.566Z|info : amplify-provider-awscloudformation.aws-cfn.getStackEvents.cfnModel.describeStackEvents([{"StackName":"[***]ify-[***]t2021-[***]ev-[***]34"}])
2021-06-15T09:59:58.664Z|info : amplify-provider-awscloudformation.aws-cfn.getStackEvents.cfnModel.describeStackEvents([{"StackName":"[***]rmation:ap-[***]east-[***]35:stack/[***]ify-[***]t2021-[***]ev-[***]34-[***]218e5ee058-[***]PG319/[***]bad0-[***]c0-[***]eb-[***]a3-[***]3430a"}])
2021-06-15T09:59:58.765Z|info : amplify-provider-awscloudformation.aws-cfn.getStackEvents.cfnModel.describeStackEvents([{"StackName":"[***]rmation:ap-[***]east-[***]35:stack/[***]ify-[***]t2021-[***]ev-[***]34/[***]f370-[***]b9-[***]eb-[***]0b-[***]a3dce"}])
2021-06-15T09:59:58.864Z|info : amplify-provider-awscloudformation.aws-cfn.getStackEvents.cfnModel.describeStackEvents([{"StackName":"[***]rmation:ap-[***]east-[***]35:stack/[***]ify-[***]t2021-[***]ev-[***]34-[***]218e5ee058-[***]PG319/[***]bad0-[***]c0-[***]eb-[***]a3-[***]3430a"}])
2021-06-15T10:00:03.566Z|info : amplify-provider-awscloudformation.aws-cfn.getStackEvents.cfnModel.describeStackEvents([{"StackName":"[***]ify-[***]t2021-[***]ev-[***]34"}])
2021-06-15T10:00:03.705Z|info : amplify-provider-awscloudformation.aws-cfn.getStackEvents.cfnModel.describeStackEvents([{"StackName":"[***]rmation:ap-[***]east-[***]35:stack/[***]ify-[***]t2021-[***]ev-[***]34-[***]218e5ee058-[***]PG319/[***]bad0-[***]c0-[***]eb-[***]a3-[***]3430a"}])
2021-06-15T10:00:03.874Z|info : amplify-provider-awscloudformation.aws-cfn.getStackEvents.cfnModel.describeStackEvents([{"StackName":"[***]rmation:ap-[***]east-[***]35:stack/[***]ify-[***]t2021-[***]ev-[***]34/[***]f370-[***]b9-[***]eb-[***]0b-[***]a3dce"}])
2021-06-15T10:00:04.035Z|info : amplify-provider-awscloudformation.aws-cfn.getStackEvents.cfnModel.describeStackEvents([{"StackName":"[***]rmation:ap-[***]east-[***]35:stack/[***]ify-[***]t2021-[***]ev-[***]34-[***]218e5ee058-[***]PG319/[***]bad0-[***]c0-[***]eb-[***]a3-[***]3430a"}])
2021-06-15T10:00:08.567Z|info : amplify-provider-awscloudformation.aws-cfn.getStackEvents.cfnModel.describeStackEvents([{"StackName":"[***]ify-[***]t2021-[***]ev-[***]34"}])
2021-06-15T10:00:08.666Z|info : amplify-provider-awscloudformation.aws-cfn.getStackEvents.cfnModel.describeStackEvents([{"StackName":"[***]rmation:ap-[***]east-[***]35:stack/[***]ify-[***]t2021-[***]ev-[***]34-[***]218e5ee058-[***]PG319/[***]bad0-[***]c0-[***]eb-[***]a3-[***]3430a"}])
2021-06-15T10:00:08.767Z|info : amplify-provider-awscloudformation.aws-cfn.getStackEvents.cfnModel.describeStackEvents([{"StackName":"[***]rmation:ap-[***]east-[***]35:stack/[***]ify-[***]t2021-[***]ev-[***]34/[***]f370-[***]b9-[***]eb-[***]0b-[***]a3dce"}])
2021-06-15T10:00:08.867Z|info : amplify-provider-awscloudformation.aws-cfn.getStackEvents.cfnModel.describeStackEvents([{"StackName":"[***]rmation:ap-[***]east-[***]35:stack/[***]ify-[***]t2021-[***]ev-[***]34-[***]218e5ee058-[***]PG319/[***]bad0-[***]c0-[***]eb-[***]a3-[***]3430a"}])
2021-06-15T10:00:13.566Z|info : amplify-provider-awscloudformation.aws-cfn.getStackEvents.cfnModel.describeStackEvents([{"StackName":"[***]ify-[***]t2021-[***]ev-[***]34"}])
2021-06-15T10:00:13.665Z|info : amplify-provider-awscloudformation.aws-cfn.getStackEvents.cfnModel.describeStackEvents([{"StackName":"[***]rmation:ap-[***]east-[***]35:stack/[***]ify-[***]t2021-[***]ev-[***]34-[***]218e5ee058-[***]PG319/[***]bad0-[***]c0-[***]eb-[***]a3-[***]3430a"}])
2021-06-15T10:00:13.766Z|info : amplify-provider-awscloudformation.aws-cfn.getStackEvents.cfnModel.describeStackEvents([{"StackName":"[***]rmation:ap-[***]east-[***]35:stack/[***]ify-[***]t2021-[***]ev-[***]34/[***]f370-[***]b9-[***]eb-[***]0b-[***]a3dce"}])
2021-06-15T10:00:13.865Z|info : amplify-provider-awscloudformation.aws-cfn.getStackEvents.cfnModel.describeStackEvents([{"StackName":"[***]rmation:ap-[***]east-[***]35:stack/[***]ify-[***]t2021-[***]ev-[***]34-[***]218e5ee058-[***]PG319/[***]bad0-[***]c0-[***]eb-[***]a3-[***]3430a"}])
2021-06-15T10:00:18.567Z|info : amplify-provider-awscloudformation.aws-cfn.getStackEvents.cfnModel.describeStackEvents([{"StackName":"[***]ify-[***]t2021-[***]ev-[***]34"}])
2021-06-15T10:00:18.664Z|info : amplify-provider-awscloudformation.aws-cfn.getStackEvents.cfnModel.describeStackEvents([{"StackName":"[***]rmation:ap-[***]east-[***]35:stack/[***]ify-[***]t2021-[***]ev-[***]34-[***]218e5ee058-[***]PG319/[***]bad0-[***]c0-[***]eb-[***]a3-[***]3430a"}])
2021-06-15T10:00:18.766Z|info : amplify-provider-awscloudformation.aws-cfn.getStackEvents.cfnModel.describeStackEvents([{"StackName":"[***]rmation:ap-[***]east-[***]35:stack/[***]ify-[***]t2021-[***]ev-[***]34/[***]f370-[***]b9-[***]eb-[***]0b-[***]a3dce"}])
2021-06-15T10:00:18.865Z|info : amplify-provider-awscloudformation.aws-cfn.getStackEvents.cfnModel.describeStackEvents([{"StackName":"[***]rmation:ap-[***]east-[***]35:stack/[***]ify-[***]t2021-[***]ev-[***]34-[***]218e5ee058-[***]PG319/[***]bad0-[***]c0-[***]eb-[***]a3-[***]3430a"}])
2021-06-15T10:00:23.567Z|info : amplify-provider-awscloudformation.aws-cfn.getStackEvents.cfnModel.describeStackEvents([{"StackName":"[***]ify-[***]t2021-[***]ev-[***]34"}])
2021-06-15T10:00:23.664Z|info : amplify-provider-awscloudformation.aws-cfn.getStackEvents.cfnModel.describeStackEvents([{"StackName":"[***]rmation:ap-[***]east-[***]35:stack/[***]ify-[***]t2021-[***]ev-[***]34-[***]218e5ee058-[***]PG319/[***]bad0-[***]c0-[***]eb-[***]a3-[***]3430a"}])
2021-06-15T10:00:23.766Z|info : amplify-provider-awscloudformation.aws-cfn.getStackEvents.cfnModel.describeStackEvents([{"StackName":"[***]rmation:ap-[***]east-[***]35:stack/[***]ify-[***]t2021-[***]ev-[***]34/[***]f370-[***]b9-[***]eb-[***]0b-[***]a3dce"}])
2021-06-15T10:00:23.865Z|info : amplify-provider-awscloudformation.aws-cfn.getStackEvents.cfnModel.describeStackEvents([{"StackName":"[***]rmation:ap-[***]east-[***]35:stack/[***]ify-[***]t2021-[***]ev-[***]34-[***]218e5ee058-[***]PG319/[***]bad0-[***]c0-[***]eb-[***]a3-[***]3430a"}])
2021-06-15T10:00:28.566Z|info : amplify-provider-awscloudformation.aws-cfn.getStackEvents.cfnModel.describeStackEvents([{"StackName":"[***]ify-[***]t2021-[***]ev-[***]34"}])
2021-06-15T10:00:28.665Z|info : amplify-provider-awscloudformation.aws-cfn.getStackEvents.cfnModel.describeStackEvents([{"StackName":"[***]rmation:ap-[***]east-[***]35:stack/[***]ify-[***]t2021-[***]ev-[***]34-[***]218e5ee058-[***]PG319/[***]bad0-[***]c0-[***]eb-[***]a3-[***]3430a"}])
2021-06-15T10:00:28.767Z|info : amplify-provider-awscloudformation.aws-cfn.getStackEvents.cfnModel.describeStackEvents([{"StackName":"[***]rmation:ap-[***]east-[***]35:stack/[***]ify-[***]t2021-[***]ev-[***]34/[***]f370-[***]b9-[***]eb-[***]0b-[***]a3dce"}])
2021-06-15T10:00:28.864Z|info : amplify-provider-awscloudformation.aws-cfn.getStackEvents.cfnModel.describeStackEvents([{"StackName":"[***]rmation:ap-[***]east-[***]35:stack/[***]ify-[***]t2021-[***]ev-[***]34-[***]218e5ee058-[***]PG319/[***]bad0-[***]c0-[***]eb-[***]a3-[***]3430a"}])
2021-06-15T10:00:33.567Z|info : amplify-provider-awscloudformation.aws-cfn.getStackEvents.cfnModel.describeStackEvents([{"StackName":"[***]ify-[***]t2021-[***]ev-[***]34"}])
2021-06-15T10:00:33.665Z|info : amplify-provider-awscloudformation.aws-cfn.getStackEvents.cfnModel.describeStackEvents([{"StackName":"[***]rmation:ap-[***]east-[***]35:stack/[***]ify-[***]t2021-[***]ev-[***]34/[***]f370-[***]b9-[***]eb-[***]0b-[***]a3dce"}])
2021-06-15T10:00:38.569Z|info : amplify-provider-awscloudformation.aws-cfn.getStackEvents.cfnModel.describeStackEvents([{"StackName":"[***]ify-[***]t2021-[***]ev-[***]34"}])
2021-06-15T10:00:38.668Z|info : amplify-provider-awscloudformation.aws-cfn.getStackEvents.cfnModel.describeStackEvents([{"StackName":"[***]rmation:ap-[***]east-[***]35:stack/[***]ify-[***]t2021-[***]ev-[***]34/[***]f370-[***]b9-[***]eb-[***]0b-[***]a3dce"}])
2021-06-15T10:00:43.567Z|info : amplify-provider-awscloudformation.aws-cfn.getStackEvents.cfnModel.describeStackEvents([{"StackName":"[***]ify-[***]t2021-[***]ev-[***]34"}])
2021-06-15T10:00:43.666Z|info : amplify-provider-awscloudformation.aws-cfn.getStackEvents.cfnModel.describeStackEvents([{"StackName":"[***]rmation:ap-[***]east-[***]35:stack/[***]ify-[***]t2021-[***]ev-[***]34/[***]f370-[***]b9-[***]eb-[***]0b-[***]a3dce"}])
2021-06-15T10:00:48.568Z|info : amplify-provider-awscloudformation.aws-cfn.getStackEvents.cfnModel.describeStackEvents([{"StackName":"[***]ify-[***]t2021-[***]ev-[***]34"}])
2021-06-15T10:00:48.668Z|info : amplify-provider-awscloudformation.aws-cfn.getStackEvents.cfnModel.describeStackEvents([{"StackName":"[***]rmation:ap-[***]east-[***]35:stack/[***]ify-[***]t2021-[***]ev-[***]34/[***]f370-[***]b9-[***]eb-[***]0b-[***]a3dce"}])
2021-06-15T10:00:48.767Z|info : amplify-provider-awscloudformation.aws-cfn.getStackEvents.cfnModel.describeStackEvents([{"StackName":"[***]rmation:ap-[***]east-[***]35:stack/[***]ify-[***]t2021-[***]ev-[***]34-[***]218e5ee058-[***]PG319/[***]bad0-[***]c0-[***]eb-[***]a3-[***]3430a"}])
2021-06-15T10:00:53.567Z|info : amplify-provider-awscloudformation.aws-cfn.getStackEvents.cfnModel.describeStackEvents([{"StackName":"[***]ify-[***]t2021-[***]ev-[***]34"}])
2021-06-15T10:00:58.568Z|info : amplify-provider-awscloudformation.aws-cfn.getStackEvents.cfnModel.describeStackEvents([{"StackName":"[***]ify-[***]t2021-[***]ev-[***]34"}])
2021-06-15T10:01:03.569Z|info : amplify-provider-awscloudformation.aws-cfn.getStackEvents.cfnModel.describeStackEvents([{"StackName":"[***]ify-[***]t2021-[***]ev-[***]34"}])
2021-06-15T10:01:08.569Z|info : amplify-provider-awscloudformation.aws-cfn.getStackEvents.cfnModel.describeStackEvents([{"StackName":"[***]ify-[***]t2021-[***]ev-[***]34"}])
2021-06-15T10:01:13.569Z|info : amplify-provider-awscloudformation.aws-cfn.getStackEvents.cfnModel.describeStackEvents([{"StackName":"[***]ify-[***]t2021-[***]ev-[***]34"}])
2021-06-15T10:01:18.568Z|info : amplify-provider-awscloudformation.aws-cfn.getStackEvents.cfnModel.describeStackEvents([{"StackName":"[***]ify-[***]t2021-[***]ev-[***]34"}])
2021-06-15T10:01:19.147Z|info : amplify-provider-awscloudformation.aws-cfn.updateamplifyMetaFileWithStackOutputs.cfn.describeStackResources([{"StackName":"[***]ify-[***]t2021-[***]ev-[***]34"}])
2021-06-15T10:01:19.244Z|info : amplify-provider-awscloudformation.aws-cfn.describeStack.cfn.describeStacks([{"StackName":"[***]rmation:ap-[***]east-[***]35:stack/[***]ify-[***]t2021-[***]ev-[***]34-[***]218e5ee058-[***]PG319/[***]bad0-[***]c0-[***]eb-[***]a3-[***]3430a"}])
2021-06-15T10:01:19.313Z|info : amplify-provider-awscloudformation.system-config-manager.getProfileConfig(["default"])
2021-06-15T10:01:19.313Z|info : amplify-provider-awscloudformation.system-config-manager.getProfiledAwsConfig.profileConfig([{"region":"ap-southeast-2"}])
2021-06-15T10:01:19.313Z|info : amplify-provider-awscloudformation.system-config-manager.getProfileCredentials(["default"])
2021-06-15T10:01:19.370Z|info : amplify-provider-awscloudformation.push-resources.storeCurrentcoudBackend.s3.uploadFile([{"Key":"[***]rent-[***]ud-[***]d.zip"}])
2021-06-15T10:01:19.370Z|info : amplify-provider-awscloudformation.aws-s3.uploadFile.s3.putObject([{"Key":"[***]rent-[***]ud-[***]d.zip","Bucket":"[***]ify-[***]t2021-[***]ev-[***]34-[***]ment"}])
2021-06-15T10:01:19.446Z|info : amplify-provider-awscloudformation.amplify-service-manager.s3.uploadFile([{"Key":"[***]ify-[***]json"}])
2021-06-15T10:01:19.447Z|info : amplify-provider-awscloudformation.aws-s3.uploadFile.s3.putObject([{"Key":"[***]ify-[***]json","Bucket":"[***]ify-[***]t2021-[***]ev-[***]34-[***]ment"}])
2021-06-15T10:01:19.522Z|info : amplify-provider-awscloudformation.amplify-service-manager.s3.uploadFile([{"Key":"[***]end-[***].json"}])
2021-06-15T10:01:19.522Z|info : amplify-provider-awscloudformation.aws-s3.uploadFile.s3.putObject([{"Key":"[***]end-[***].json","Bucket":"[***]ify-[***]t2021-[***]ev-[***]34-[***]ment"}])
2021-06-15T10:01:19.588Z|info : amplify-provider-awscloudformation.display-helpful-urls.showCognitoSandBoxMessage(["project20218e5ee058"])
2021-06-15T10:02:42.675Z|info : amplify console core  
