0 info it worked if it ends with ok
1 verbose cli [ '/usr/bin/node', '/bin/npm', 'start' ]
2 info using npm@6.14.12
3 info using node@v10.24.1
4 verbose run-script [ 'prestart', 'start', 'poststart' ]
5 info lifecycle aws-service-catalog-react-components@1.1.0~prestart: aws-service-catalog-react-components@1.1.0
6 info lifecycle aws-service-catalog-react-components@1.1.0~start: aws-service-catalog-react-components@1.1.0
7 verbose lifecycle aws-service-catalog-react-components@1.1.0~start: unsafe-perm in lifecycle true
8 verbose lifecycle aws-service-catalog-react-components@1.1.0~start: PATH: /usr/lib/node_modules/npm/node_modules/npm-lifecycle/node-gyp-bin:/root/aws-service-catalog-react-components/node_modules/.bin:/usr/local/sbin:/usr/local/bin:/sbin:/bin:/usr/sbin:/usr/bin:/root/bin
9 verbose lifecycle aws-service-catalog-react-components@1.1.0~start: CWD: /root/aws-service-catalog-react-components
10 silly lifecycle aws-service-catalog-react-components@1.1.0~start: Args: [ '-c', 'react-scripts start' ]
11 info lifecycle aws-service-catalog-react-components@1.1.0~start: Failed to exec start script
12 verbose stack Error: aws-service-catalog-react-components@1.1.0 start: `react-scripts start`
12 verbose stack spawn ENOENT
12 verbose stack     at ChildProcess.<anonymous> (/usr/lib/node_modules/npm/node_modules/npm-lifecycle/lib/spawn.js:48:18)
12 verbose stack     at ChildProcess.emit (events.js:198:13)
12 verbose stack     at maybeClose (internal/child_process.js:982:16)
12 verbose stack     at Process.ChildProcess._handle.onexit (internal/child_process.js:259:5)
13 verbose pkgid aws-service-catalog-react-components@1.1.0
14 verbose cwd /root/aws-service-catalog-react-components
15 verbose Linux 3.10.0-1062.12.1.el7.x86_64
16 verbose argv "/usr/bin/node" "/bin/npm" "start"
17 verbose node v10.24.1
18 verbose npm  v6.14.12
19 error code ELIFECYCLE
20 error syscall spawn
21 error file sh
22 error errno ENOENT
23 error aws-service-catalog-react-components@1.1.0 start: `react-scripts start`
23 error spawn ENOENT
24 error Failed at the aws-service-catalog-react-components@1.1.0 start script.
24 error This is probably not a problem with npm. There is likely additional logging output above.
25 verbose exit [ 1, true ]
