0 info it worked if it ends with ok
1 verbose cli [ '/usr/bin/node', '/bin/npm', 'start' ]
2 info using npm@6.14.12
3 info using node@v10.24.1
4 verbose run-script [ 'prestart', 'start', 'poststart' ]
5 info lifecycle aws-service-catalog-react-components@1.1.0~prestart: aws-service-catalog-react-components@1.1.0
6 info lifecycle aws-service-catalog-react-components@1.1.0~start: aws-service-catalog-react-components@1.1.0
7 verbose lifecycle aws-service-catalog-react-components@1.1.0~start: unsafe-perm in lifecycle true
8 verbose lifecycle aws-service-catalog-react-components@1.1.0~start: PATH: /usr/lib/node_modules/npm/node_modules/npm-lifecycle/node-gyp-bin:/root/aws-service-catalog-react-components/node_modules/.bin:/usr/local/sbin:/usr/local/bin:/sbin:/bin:/usr/sbin:/usr/bin:/root/bin
9 verbose lifecycle aws-service-catalog-react-components@1.1.0~start: CWD: /root/aws-service-catalog-react-components
10 silly lifecycle aws-service-catalog-react-components@1.1.0~start: Args: [ '-c', 'webpack --watch' ]
11 silly lifecycle aws-service-catalog-react-components@1.1.0~start: Returned: code: 1  signal: null
12 info lifecycle aws-service-catalog-react-components@1.1.0~start: Failed to exec start script
13 verbose stack Error: aws-service-catalog-react-components@1.1.0 start: `webpack --watch`
13 verbose stack Exit status 1
13 verbose stack     at EventEmitter.<anonymous> (/usr/lib/node_modules/npm/node_modules/npm-lifecycle/index.js:332:16)
13 verbose stack     at EventEmitter.emit (events.js:198:13)
13 verbose stack     at ChildProcess.<anonymous> (/usr/lib/node_modules/npm/node_modules/npm-lifecycle/lib/spawn.js:55:14)
13 verbose stack     at ChildProcess.emit (events.js:198:13)
13 verbose stack     at maybeClose (internal/child_process.js:982:16)
13 verbose stack     at Process.ChildProcess._handle.onexit (internal/child_process.js:259:5)
14 verbose pkgid aws-service-catalog-react-components@1.1.0
15 verbose cwd /root/aws-service-catalog-react-components
16 verbose Linux 3.10.0-1062.12.1.el7.x86_64
17 verbose argv "/usr/bin/node" "/bin/npm" "start"
18 verbose node v10.24.1
19 verbose npm  v6.14.12
20 error code ELIFECYCLE
21 error errno 1
22 error aws-service-catalog-react-components@1.1.0 start: `webpack --watch`
22 error Exit status 1
23 error Failed at the aws-service-catalog-react-components@1.1.0 start script.
23 error This is probably not a problem with npm. There is likely additional logging output above.
24 verbose exit [ 1, true ]
